=== git-push.js @ 2026-04-08T08:48:23.863Z ===
message: "chore: placeholder"
files: (all)

> git add -A
warning: in the working copy of 'scripts/notion-migrate.js', LF will be replaced by CRLF the next time Git touches it
warning: in the working copy of 'NOVA-CONTEXT.md', LF will be replaced by CRLF the next time Git touches it
warning: in the working copy of 'scripts/git-output.log', LF will be replaced by CRLF the next time Git touches it

exit: 0

> git commit -m "chore: placeholder"
[main 5840bf4] chore: placeholder
 3 files changed, 262 insertions(+)
 create mode 100644 NOVA-CONTEXT.md
 create mode 100644 scripts/git-output.log

exit: 0

> git push
environment: : command not found
To https://github.com/Viktor-drake/nova-bot.git
   a83e68f..5840bf4  main -> main

exit: 0

SUCCESS: pushed to main, Vercel will deploy automatically